<?xml version="1.0" encoding="UTF-8"?>
<!-- Generated by org.testng.reporters.JUnitReportReporter -->
<testsuite hostname="LAPTOP-U5H1BBIS" failures="0" tests="1" name="shahzad9.project9.NewTest" time="0.009" errors="0" timestamp="01 Dec 2022 23:09:23 GMT" skipped="0">
  <testcase classname="shahzad9.project9.NewTest" name="test" time="0.009"/>
</testsuite> <!-- shahzad9.project9.NewTest -->
