<?xml version="1.0" encoding="UTF-8"?>
<!-- Generated by org.testng.reporters.JUnitReportReporter -->
<testsuite hostname="LAPTOP-U5H1BBIS" failures="0" tests="2" name="shahzad9.project9.NewTest3" time="29.601" errors="0" timestamp="2022-12-08T20:04:52 EST" skipped="0">
  <testcase classname="shahzad9.project9.NewTest3" name="a2" time="14.063"/>
  <system-out/>
  <testcase classname="shahzad9.project9.NewTest3" name="a1" time="15.538"/>
  <system-out/>
</testsuite> <!-- shahzad9.project9.NewTest3 -->
